<?xml version="1.0" encoding="UTF-8"?>
<testsuite xmlns:xsi="http://www.w3.org/2001/XMLSchema-instance" xsi:noNamespaceSchemaLocation="https://maven.apache.org/surefire/maven-surefire-plugin/xsd/surefire-test-report.xsd" version="3.0.2" name="com.example.serviciousuario.ServiciousuarioApplicationTests" time="10.924" tests="1" errors="0" skipped="0" failures="0">
  <properties>
[...]
</properties>
  <testcase name="contextLoads" classname="com.example.serviciousuario.ServiciousuarioApplicationTests" time="0.999">
    <system-out><![CDATA[18:24:25.829 [main] INFO org.springframework.test.context.support.AnnotationConfigContextLoaderUtils -- Could not detect default configuration classes for test class [com.example.serviciousuario.ServiciousuarioApplicationTests]: ServiciousuarioApplicationTests does not declare any static, non-private, non-final, nested classes annotated with @Configuration.
18:24:26.167 [main] INFO org.springframework.boot.test.context.SpringBootTestContextBootstrapper -- Found @SpringBootConfiguration com.example.serviciousuario.ServiciousuarioApplication for test class com.example.serviciousuario.ServiciousuarioApplicationTests

  .   ____          _            __ _ _
 /\\ / ___'_ __ _ _(_)_ __  __ _ \ \ \ \
( ( )\___ | '_ | '_| | '_ \/ _` | \ \ \ \
 \\/  ___)| |_)| | | | | || (_| |  ) ) ) )
  '  |____| .__|_| |_|_| |_\__, | / / / /
 =========|_|==============|___/=/_/_/_/

 :: Spring Boot ::                (v3.4.1)

2025-02-10T18:24:27.138-05:00  INFO 28144 --- [serviciousuario] [           main] c.e.s.ServiciousuarioApplicationTests    : Starting ServiciousuarioApplicationTests using Java 21.0.5 with PID 28144 (started by ALEJANDRO in D:\Documents\proyecto lucas\serviciousuario)
2025-02-10T18:24:27.141-05:00  INFO 28144 --- [serviciousuario] [           main] c.e.s.ServiciousuarioApplicationTests    : No active profile set, falling back to 1 default profile: "default"
2025-02-10T18:24:28.687-05:00  INFO 28144 --- [serviciousuario] [           main] .s.d.r.c.RepositoryConfigurationDelegate : Bootstrapping Spring Data JPA repositories in DEFAULT mode.
2025-02-10T18:24:28.837-05:00  INFO 28144 --- [serviciousuario] [           main] .s.d.r.c.RepositoryConfigurationDelegate : Finished Spring Data repository scanning in 128 ms. Found 2 JPA repository interfaces.
2025-02-10T18:24:29.837-05:00  INFO 28144 --- [serviciousuario] [           main] o.hibernate.jpa.internal.util.LogHelper  : HHH000204: Processing PersistenceUnitInfo [name: default]
2025-02-10T18:24:29.990-05:00  INFO 28144 --- [serviciousuario] [           main] org.hibernate.Version                    : HHH000412: Hibernate ORM core version 6.6.4.Final
2025-02-10T18:24:30.090-05:00  INFO 28144 --- [serviciousuario] [           main] o.h.c.internal.RegionFactoryInitiator    : HHH000026: Second-level cache disabled
2025-02-10T18:24:31.097-05:00  INFO 28144 --- [serviciousuario] [           main] o.s.o.j.p.SpringPersistenceUnitInfo      : No LoadTimeWeaver setup: ignoring JPA class transformer
2025-02-10T18:24:31.195-05:00  INFO 28144 --- [serviciousuario] [           main] com.zaxxer.hikari.HikariDataSource       : HikariPool-1 - Starting...
2025-02-10T18:24:31.202-05:00  WARN 28144 --- [serviciousuario] [           main] c.zaxxer.hikari.util.DriverDataSource    : Registered driver with driverClassName=com.mysql.jdbc.Driver was not found, trying direct instantiation.
2025-02-10T18:24:31.637-05:00  INFO 28144 --- [serviciousuario] [           main] com.zaxxer.hikari.pool.HikariPool        : HikariPool-1 - Added connection com.mysql.cj.jdbc.ConnectionImpl@5e158f33
2025-02-10T18:24:31.640-05:00  INFO 28144 --- [serviciousuario] [           main] com.zaxxer.hikari.HikariDataSource       : HikariPool-1 - Start completed.
2025-02-10T18:24:31.740-05:00  WARN 28144 --- [serviciousuario] [           main] org.hibernate.dialect.Dialect            : HHH000511: The 5.5.5 version for [org.hibernate.dialect.MySQLDialect] is no longer supported, hence certain features may not work properly. The minimum supported version is 8.0.0. Check the community dialects project for available legacy versions.
2025-02-10T18:24:31.779-05:00  INFO 28144 --- [serviciousuario] [           main] org.hibernate.orm.connections.pooling    : HHH10001005: Database info:
	Database JDBC URL [Connecting through datasource 'HikariDataSource (HikariPool-1)']
	Database driver: undefined/unknown
	Database version: 5.5.5
	Autocommit mode: undefined/unknown
	Isolation level: undefined/unknown
	Minimum pool size: undefined/unknown
	Maximum pool size: undefined/unknown
2025-02-10T18:24:33.057-05:00  INFO 28144 --- [serviciousuario] [           main] o.h.e.t.j.p.i.JtaPlatformInitiator       : HHH000489: No JTA platform available (set 'hibernate.transaction.jta.platform' to enable JTA platform integration)
2025-02-10T18:24:33.182-05:00  INFO 28144 --- [serviciousuario] [           main] j.LocalContainerEntityManagerFactoryBean : Initialized JPA EntityManagerFactory for persistence unit 'default'
2025-02-10T18:24:34.154-05:00  WARN 28144 --- [serviciousuario] [           main] JpaBaseConfiguration$JpaWebConfiguration : spring.jpa.open-in-view is enabled by default. Therefore, database queries may be performed during view rendering. Explicitly configure spring.jpa.open-in-view to disable this warning
2025-02-10T18:24:34.198-05:00  WARN 28144 --- [serviciousuario] [           main] .s.s.UserDetailsServiceAutoConfiguration : 

Using generated security password: 87677f3f-083b-474b-bbc7-e832ae69a2a0

This generated password is for development use only. Your security configuration must be updated before running your application in production.

2025-02-10T18:24:34.216-05:00  INFO 28144 --- [serviciousuario] [           main] r$InitializeUserDetailsManagerConfigurer : Global AuthenticationManager configured with UserDetailsService bean with name inMemoryUserDetailsManager
2025-02-10T18:24:35.404-05:00  INFO 28144 --- [serviciousuario] [           main] c.e.s.ServiciousuarioApplicationTests    : Started ServiciousuarioApplicationTests in 8.838 seconds (process running for 11.36)
]]></system-out>
    <system-err><![CDATA[Loading class `com.mysql.jdbc.Driver'. This is deprecated. The new driver class is `com.mysql.cj.jdbc.Driver'. The driver is automatically registered via the SPI and manual loading of the driver class is generally unnecessary.
Mockito is currently self-attaching to enable the inline-mock-maker. This will no longer work in future releases of the JDK. Please add Mockito as an agent to your build what is described in Mockito's documentation: https://javadoc.io/doc/org.mockito/mockito-core/latest/org/mockito/Mockito.html#0.3
WARNING: A Java agent has been loaded dynamically (C:\Users\embtr\.m2\repository\net\bytebuddy\byte-buddy-agent\1.15.11\byte-buddy-agent-1.15.11.jar)
WARNING: If a serviceability tool is in use, please run with -XX:+EnableDynamicAgentLoading to hide this warning
WARNING: If a serviceability tool is not in use, please run with -Djdk.instrument.traceUsage for more information
WARNING: Dynamic loading of agents will be disallowed by default in a future release
]]></system-err>
  </testcase>
</testsuite>